Release 13.1 - platgen Xilinx EDK 13.1 Build EDK_O.40d
 (nt)
Copyright (c) 1995-2011 Xilinx, Inc.  All rights reserved.

Command Line: platgen -p xc3s1600efg320-4 -lang vhdl -msg
__xps/ise/xmsgprops.lst system.mhs 

Parse C:/EE4214/controller_version_6/system.mhs ...

Read MPD definitions ...

Overriding IP level properties ...
INFO:EDK - IPNAME: mpmc, INSTANCE:DDR_SDRAM - tcl is overriding PARAMETER
   C_BASEFAMILY value to spartan3e -
   C:\Xilinx\13.1\ISE_DS\EDK\hw\XilinxProcessorIPLib\pcores\mpmc_v6_03_a\data\mp
   mc_v2_1_0.mpd line 143 
INFO:EDK - IPNAME: mpmc, INSTANCE:DDR_SDRAM - tcl is overriding PARAMETER
   C_SPEEDGRADE_INT value to 4 -
   C:\Xilinx\13.1\ISE_DS\EDK\hw\XilinxProcessorIPLib\pcores\mpmc_v6_03_a\data\mp
   mc_v2_1_0.mpd line 148 
INFO:EDK - IPNAME: mpmc, INSTANCE:DDR_SDRAM - tcl is overriding PARAMETER
   C_IODELAY_GRP value to DDR_SDRAM -
   C:\Xilinx\13.1\ISE_DS\EDK\hw\XilinxProcessorIPLib\pcores\mpmc_v6_03_a\data\mp
   mc_v2_1_0.mpd line 170 
INFO:EDK - IPNAME: mpmc, INSTANCE:DDR_SDRAM - tcl is overriding PARAMETER
   C_USE_MIG_S3_PHY value to 1 -
   C:\Xilinx\13.1\ISE_DS\EDK\hw\XilinxProcessorIPLib\pcores\mpmc_v6_03_a\data\mp
   mc_v2_1_0.mpd line 203 
INFO:EDK - IPNAME: mpmc, INSTANCE:DDR_SDRAM - tcl is overriding PARAMETER
   C_MEM_PART_DATA_DEPTH value to 32 -
   C:\Xilinx\13.1\ISE_DS\EDK\hw\XilinxProcessorIPLib\pcores\mpmc_v6_03_a\data\mp
   mc_v2_1_0.mpd line 254 
INFO:EDK - IPNAME: mpmc, INSTANCE:DDR_SDRAM - tcl is overriding PARAMETER
   C_MEM_PART_DATA_WIDTH value to 16 -
   C:\Xilinx\13.1\ISE_DS\EDK\hw\XilinxProcessorIPLib\pcores\mpmc_v6_03_a\data\mp
   mc_v2_1_0.mpd line 255 
INFO:EDK - IPNAME: mpmc, INSTANCE:DDR_SDRAM - tcl is overriding PARAMETER
   C_MEM_PART_NUM_COL_BITS value to 10 -
   C:\Xilinx\13.1\ISE_DS\EDK\hw\XilinxProcessorIPLib\pcores\mpmc_v6_03_a\data\mp
   mc_v2_1_0.mpd line 258 
INFO:EDK - IPNAME: mpmc, INSTANCE:DDR_SDRAM - tcl is overriding PARAMETER
   C_MEM_PART_TRAS value to 42000 -
   C:\Xilinx\13.1\ISE_DS\EDK\hw\XilinxProcessorIPLib\pcores\mpmc_v6_03_a\data\mp
   mc_v2_1_0.mpd line 259 
INFO:EDK - IPNAME: mpmc, INSTANCE:DDR_SDRAM - tcl is overriding PARAMETER
   C_MEM_PART_TRASMAX value to 70000000 -
   C:\Xilinx\13.1\ISE_DS\EDK\hw\XilinxProcessorIPLib\pcores\mpmc_v6_03_a\data\mp
   mc_v2_1_0.mpd line 260 
INFO:EDK - IPNAME: mpmc, INSTANCE:DDR_SDRAM - tcl is overriding PARAMETER
   C_MEM_PART_TRC value to 60000 -
   C:\Xilinx\13.1\ISE_DS\EDK\hw\XilinxProcessorIPLib\pcores\mpmc_v6_03_a\data\mp
   mc_v2_1_0.mpd line 261 
INFO:EDK - IPNAME: mpmc, INSTANCE:DDR_SDRAM - tcl is overriding PARAMETER
   C_MEM_PART_TRCD value to 15000 -
   C:\Xilinx\13.1\ISE_DS\EDK\hw\XilinxProcessorIPLib\pcores\mpmc_v6_03_a\data\mp
   mc_v2_1_0.mpd line 262 
INFO:EDK - IPNAME: mpmc, INSTANCE:DDR_SDRAM - tcl is overriding PARAMETER
   C_MEM_PART_TWR value to 15000 -
   C:\Xilinx\13.1\ISE_DS\EDK\hw\XilinxProcessorIPLib\pcores\mpmc_v6_03_a\data\mp
   mc_v2_1_0.mpd line 264 
INFO:EDK - IPNAME: mpmc, INSTANCE:DDR_SDRAM - tcl is overriding PARAMETER
   C_MEM_PART_TRP value to 15000 -
   C:\Xilinx\13.1\ISE_DS\EDK\hw\XilinxProcessorIPLib\pcores\mpmc_v6_03_a\data\mp
   mc_v2_1_0.mpd line 265 
INFO:EDK - IPNAME: mpmc, INSTANCE:DDR_SDRAM - tcl is overriding PARAMETER
   C_MEM_PART_TMRD value to 2 -
   C:\Xilinx\13.1\ISE_DS\EDK\hw\XilinxProcessorIPLib\pcores\mpmc_v6_03_a\data\mp
   mc_v2_1_0.mpd line 266 
INFO:EDK - IPNAME: mpmc, INSTANCE:DDR_SDRAM - tcl is overriding PARAMETER
   C_MEM_PART_TRRD value to 12000 -
   C:\Xilinx\13.1\ISE_DS\EDK\hw\XilinxProcessorIPLib\pcores\mpmc_v6_03_a\data\mp
   mc_v2_1_0.mpd line 267 
INFO:EDK - IPNAME: mpmc, INSTANCE:DDR_SDRAM - tcl is overriding PARAMETER
   C_MEM_PART_TRFC value to 72000 -
   C:\Xilinx\13.1\ISE_DS\EDK\hw\XilinxProcessorIPLib\pcores\mpmc_v6_03_a\data\mp
   mc_v2_1_0.mpd line 268 
INFO:EDK - IPNAME: mpmc, INSTANCE:DDR_SDRAM - tcl is overriding PARAMETER
   C_MEM_PART_TREFI value to 7800000 -
   C:\Xilinx\13.1\ISE_DS\EDK\hw\XilinxProcessorIPLib\pcores\mpmc_v6_03_a\data\mp
   mc_v2_1_0.mpd line 269 
INFO:EDK - IPNAME: mpmc, INSTANCE:DDR_SDRAM - tcl is overriding PARAMETER
   C_MEM_PART_CAS_A_FMAX value to 133 -
   C:\Xilinx\13.1\ISE_DS\EDK\hw\XilinxProcessorIPLib\pcores\mpmc_v6_03_a\data\mp
   mc_v2_1_0.mpd line 278 
INFO:EDK - IPNAME: mpmc, INSTANCE:DDR_SDRAM - tcl is overriding PARAMETER
   C_MEM_PART_CAS_A value to 2 -
   C:\Xilinx\13.1\ISE_DS\EDK\hw\XilinxProcessorIPLib\pcores\mpmc_v6_03_a\data\mp
   mc_v2_1_0.mpd line 279 
INFO:EDK - IPNAME: mpmc, INSTANCE:DDR_SDRAM - tcl is overriding PARAMETER
   C_MEM_PART_CAS_B_FMAX value to 166 -
   C:\Xilinx\13.1\ISE_DS\EDK\hw\XilinxProcessorIPLib\pcores\mpmc_v6_03_a\data\mp
   mc_v2_1_0.mpd line 280 
INFO:EDK - IPNAME: mpmc, INSTANCE:DDR_SDRAM - tcl is overriding PARAMETER
   C_MEM_PART_CAS_B value to 2.5 -
   C:\Xilinx\13.1\ISE_DS\EDK\hw\XilinxProcessorIPLib\pcores\mpmc_v6_03_a\data\mp
   mc_v2_1_0.mpd line 281 
INFO:EDK - IPNAME: mpmc, INSTANCE:DDR_SDRAM - tcl is overriding PARAMETER
   C_MEM_DM_WIDTH value to 2 -
   C:\Xilinx\13.1\ISE_DS\EDK\hw\XilinxProcessorIPLib\pcores\mpmc_v6_03_a\data\mp
   mc_v2_1_0.mpd line 300 
INFO:EDK - IPNAME: mpmc, INSTANCE:DDR_SDRAM - tcl is overriding PARAMETER
   C_MEM_DQS_WIDTH value to 2 -
   C:\Xilinx\13.1\ISE_DS\EDK\hw\XilinxProcessorIPLib\pcores\mpmc_v6_03_a\data\mp
   mc_v2_1_0.mpd line 301 

Computing clock values...
INFO:EDK:740 - Cannot determine the input clock associated with port :
   ilmb_cntlr:BRAM_Clk_A. Clock DRCs will not be performed on this core and
   cores connected to it. 
INFO:EDK:740 - Cannot determine the input clock associated with port :
   dlmb_cntlr:BRAM_Clk_A. Clock DRCs will not be performed on this core and
   cores connected to it. 

Performing IP level DRCs on properties...

Running DRC Tcl procedures for OPTION IPLEVEL_DRC_PROC...
Address Map for Processor microblaze_0
  (0000000000-0x00007fff) dlmb_cntlr	dlmb
  (0000000000-0x00007fff) ilmb_cntlr	ilmb
  (0x81400000-0x8140ffff) DIP_Switches_4Bit	mb_plb
  (0x81420000-0x8142ffff) Buttons_3Bit	mb_plb
  (0x81800000-0x8180ffff) xps_intc_0	mb_plb
  (0x83c00000-0x83c0ffff) xps_timer_0	mb_plb
  (0x84000000-0x8400ffff) RS232_DTE	mb_plb
  (0x84020000-0x8402ffff) RS232_DCE	mb_plb
  (0x84400000-0x8440ffff) mdm_0	mb_plb
  (0x8c000000-0x8fffffff) DDR_SDRAM	mb_plb
INFO:EDK - IPNAME: mpmc, INSTANCE:DDR_SDRAM - tool is overriding PARAMETER
   C_SPLB0_P2P value to 0 -
   C:\Xilinx\13.1\ISE_DS\EDK\hw\XilinxProcessorIPLib\pcores\mpmc_v6_03_a\data\mp
   mc_v2_1_0.mpd line 357 
INFO:EDK - IPNAME: microblaze, INSTANCE:microblaze_0 - tool is overriding
   PARAMETER C_DPLB_DWIDTH value to 64 -
   C:\Xilinx\13.1\ISE_DS\EDK\hw\XilinxProcessorIPLib\pcores\microblaze_v8_10_a\d
   ata\microblaze_v2_1_0.mpd line 188 
INFO:EDK - IPNAME: microblaze, INSTANCE:microblaze_0 - tool is overriding
   PARAMETER C_IPLB_DWIDTH value to 64 -
   C:\Xilinx\13.1\ISE_DS\EDK\hw\XilinxProcessorIPLib\pcores\microblaze_v8_10_a\d
   ata\microblaze_v2_1_0.mpd line 192 
INFO:EDK - IPNAME: plb_v46, INSTANCE:mb_plb - tool is overriding PARAMETER
   C_PLBV46_NUM_MASTERS value to 2 -
   C:\Xilinx\13.1\ISE_DS\EDK\hw\XilinxProcessorIPLib\pcores\plb_v46_v1_05_a\data
   \plb_v46_v2_1_0.mpd line 69 
INFO:EDK - IPNAME: plb_v46, INSTANCE:mb_plb - tool is overriding PARAMETER
   C_PLBV46_MID_WIDTH value to 1 -
   C:\Xilinx\13.1\ISE_DS\EDK\hw\XilinxProcessorIPLib\pcores\plb_v46_v1_05_a\data
   \plb_v46_v2_1_0.mpd line 71 
INFO:EDK - IPNAME: lmb_v10, INSTANCE:ilmb - tool is overriding PARAMETER
   C_LMB_NUM_SLAVES value to 1 -
   C:\Xilinx\13.1\ISE_DS\EDK\hw\XilinxProcessorIPLib\pcores\lmb_v10_v2_00_a\data
   \lmb_v10_v2_1_0.mpd line 70 
INFO:EDK - IPNAME: lmb_v10, INSTANCE:dlmb - tool is overriding PARAMETER
   C_LMB_NUM_SLAVES value to 1 -
   C:\Xilinx\13.1\ISE_DS\EDK\hw\XilinxProcessorIPLib\pcores\lmb_v10_v2_00_a\data
   \lmb_v10_v2_1_0.mpd line 70 
INFO:EDK - IPNAME: bram_block, INSTANCE:lmb_bram - tool is overriding PARAMETER
   C_MEMSIZE value to 0x8000 -
   C:\Xilinx\13.1\ISE_DS\EDK\hw\XilinxProcessorIPLib\pcores\bram_block_v1_00_a\d
   ata\bram_block_v2_1_0.mpd line 67 
INFO:EDK - IPNAME: xps_uartlite, INSTANCE:RS232_DTE - tool is overriding
   PARAMETER C_SPLB_DWIDTH value to 64 -
   C:\Xilinx\13.1\ISE_DS\EDK\hw\XilinxProcessorIPLib\pcores\xps_uartlite_v1_01_a
   \data\xps_uartlite_v2_1_0.mpd line 71 
INFO:EDK - IPNAME: xps_uartlite, INSTANCE:RS232_DTE - tool is overriding
   PARAMETER C_SPLB_NUM_MASTERS value to 2 -
   C:\Xilinx\13.1\ISE_DS\EDK\hw\XilinxProcessorIPLib\pcores\xps_uartlite_v1_01_a
   \data\xps_uartlite_v2_1_0.mpd line 74 
INFO:EDK - IPNAME: xps_uartlite, INSTANCE:RS232_DCE - tool is overriding
   PARAMETER C_SPLB_DWIDTH value to 64 -
   C:\Xilinx\13.1\ISE_DS\EDK\hw\XilinxProcessorIPLib\pcores\xps_uartlite_v1_01_a
   \data\xps_uartlite_v2_1_0.mpd line 71 
INFO:EDK - IPNAME: xps_uartlite, INSTANCE:RS232_DCE - tool is overriding
   PARAMETER C_SPLB_NUM_MASTERS value to 2 -
   C:\Xilinx\13.1\ISE_DS\EDK\hw\XilinxProcessorIPLib\pcores\xps_uartlite_v1_01_a
   \data\xps_uartlite_v2_1_0.mpd line 74 
INFO:EDK - IPNAME: xps_gpio, INSTANCE:DIP_Switches_4Bit - tool is overriding
   PARAMETER C_SPLB_DWIDTH value to 64 -
   C:\Xilinx\13.1\ISE_DS\EDK\hw\XilinxProcessorIPLib\pcores\xps_gpio_v2_00_a\dat
   a\xps_gpio_v2_1_0.mpd line 69 
INFO:EDK - IPNAME: xps_gpio, INSTANCE:DIP_Switches_4Bit - tool is overriding
   PARAMETER C_SPLB_NUM_MASTERS value to 2 -
   C:\Xilinx\13.1\ISE_DS\EDK\hw\XilinxProcessorIPLib\pcores\xps_gpio_v2_00_a\dat
   a\xps_gpio_v2_1_0.mpd line 72 
INFO:EDK - IPNAME: xps_gpio, INSTANCE:Buttons_3Bit - tool is overriding
   PARAMETER C_SPLB_DWIDTH value to 64 -
   C:\Xilinx\13.1\ISE_DS\EDK\hw\XilinxProcessorIPLib\pcores\xps_gpio_v2_00_a\dat
   a\xps_gpio_v2_1_0.mpd line 69 
INFO:EDK - IPNAME: xps_gpio, INSTANCE:Buttons_3Bit - tool is overriding
   PARAMETER C_SPLB_NUM_MASTERS value to 2 -
   C:\Xilinx\13.1\ISE_DS\EDK\hw\XilinxProcessorIPLib\pcores\xps_gpio_v2_00_a\dat
   a\xps_gpio_v2_1_0.mpd line 72 
INFO:EDK - IPNAME: mpmc, INSTANCE:DDR_SDRAM - tool is overriding PARAMETER
   C_SPLB0_NUM_MASTERS value to 2 -
   C:\Xilinx\13.1\ISE_DS\EDK\hw\XilinxProcessorIPLib\pcores\mpmc_v6_03_a\data\mp
   mc_v2_1_0.mpd line 355 
INFO:EDK - IPNAME: xps_timer, INSTANCE:xps_timer_0 - tool is overriding
   PARAMETER C_SPLB_DWIDTH value to 64 -
   C:\Xilinx\13.1\ISE_DS\EDK\hw\XilinxProcessorIPLib\pcores\xps_timer_v1_02_a\da
   ta\xps_timer_v2_1_0.mpd line 75 
INFO:EDK - IPNAME: xps_timer, INSTANCE:xps_timer_0 - tool is overriding
   PARAMETER C_SPLB_MID_WIDTH value to 1 -
   C:\Xilinx\13.1\ISE_DS\EDK\hw\XilinxProcessorIPLib\pcores\xps_timer_v1_02_a\da
   ta\xps_timer_v2_1_0.mpd line 77 
INFO:EDK - IPNAME: xps_timer, INSTANCE:xps_timer_0 - tool is overriding
   PARAMETER C_SPLB_NUM_MASTERS value to 2 -
   C:\Xilinx\13.1\ISE_DS\EDK\hw\XilinxProcessorIPLib\pcores\xps_timer_v1_02_a\da
   ta\xps_timer_v2_1_0.mpd line 78 
INFO:EDK - IPNAME: mdm, INSTANCE:mdm_0 - tool is overriding PARAMETER
   C_SPLB_DWIDTH value to 64 -
   C:\Xilinx\13.1\ISE_DS\EDK\hw\XilinxProcessorIPLib\pcores\mdm_v2_00_b\data\mdm
   _v2_1_0.mpd line 81 
INFO:EDK - IPNAME: mdm, INSTANCE:mdm_0 - tool is overriding PARAMETER
   C_SPLB_MID_WIDTH value to 1 -
   C:\Xilinx\13.1\ISE_DS\EDK\hw\XilinxProcessorIPLib\pcores\mdm_v2_00_b\data\mdm
   _v2_1_0.mpd line 83 
INFO:EDK - IPNAME: mdm, INSTANCE:mdm_0 - tool is overriding PARAMETER
   C_SPLB_NUM_MASTERS value to 2 -
   C:\Xilinx\13.1\ISE_DS\EDK\hw\XilinxProcessorIPLib\pcores\mdm_v2_00_b\data\mdm
   _v2_1_0.mpd line 84 
INFO:EDK - IPNAME: xps_intc, INSTANCE:xps_intc_0 - tool is overriding PARAMETER
   C_SPLB_DWIDTH value to 64 -
   C:\Xilinx\13.1\ISE_DS\EDK\hw\XilinxProcessorIPLib\pcores\xps_intc_v2_01_a\dat
   a\xps_intc_v2_1_0.mpd line 71 
INFO:EDK - IPNAME: xps_intc, INSTANCE:xps_intc_0 - tool is overriding PARAMETER
   C_SPLB_NUM_MASTERS value to 2 -
   C:\Xilinx\13.1\ISE_DS\EDK\hw\XilinxProcessorIPLib\pcores\xps_intc_v2_01_a\dat
   a\xps_intc_v2_1_0.mpd line 73 

Checking platform address map ...

Checking platform configuration ...
IPNAME: plb_v46, INSTANCE: mb_plb - 2 master(s) : 8 slave(s) 
IPNAME: lmb_v10, INSTANCE: ilmb - 1 master(s) : 1 slave(s) 
IPNAME: lmb_v10, INSTANCE: dlmb - 1 master(s) : 1 slave(s) 

Checking port drivers...
WARNING:EDK - PORT: bscan_tdo1, CONNECTOR: bscan_tdo1 - No driver found. Port
   will be driven to GND -
   C:\Xilinx\13.1\ISE_DS\EDK\hw\XilinxProcessorIPLib\pcores\mdm_v2_00_b\data\mdm
   _v2_1_0.mpd line 230 
WARNING:EDK - PORT: bscan_tdi, CONNECTOR: bscan_tdi - floating connection -
   C:\Xilinx\13.1\ISE_DS\EDK\hw\XilinxProcessorIPLib\pcores\mdm_v2_00_b\data\mdm
   _v2_1_0.mpd line 223 
WARNING:EDK - PORT: bscan_reset, CONNECTOR: bscan_reset - floating connection -
   C:\Xilinx\13.1\ISE_DS\EDK\hw\XilinxProcessorIPLib\pcores\mdm_v2_00_b\data\mdm
   _v2_1_0.mpd line 224 
WARNING:EDK - PORT: bscan_shift, CONNECTOR: bscan_shift - floating connection -
   C:\Xilinx\13.1\ISE_DS\EDK\hw\XilinxProcessorIPLib\pcores\mdm_v2_00_b\data\mdm
   _v2_1_0.mpd line 225 
WARNING:EDK - PORT: bscan_update, CONNECTOR: bscan_update - floating connection
   -
   C:\Xilinx\13.1\ISE_DS\EDK\hw\XilinxProcessorIPLib\pcores\mdm_v2_00_b\data\mdm
   _v2_1_0.mpd line 226 
WARNING:EDK - PORT: bscan_capture, CONNECTOR: bscan_capture - floating
   connection -
   C:\Xilinx\13.1\ISE_DS\EDK\hw\XilinxProcessorIPLib\pcores\mdm_v2_00_b\data\mdm
   _v2_1_0.mpd line 227 
WARNING:EDK - PORT: bscan_sel1, CONNECTOR: bscan_sel1 - floating connection -
   C:\Xilinx\13.1\ISE_DS\EDK\hw\XilinxProcessorIPLib\pcores\mdm_v2_00_b\data\mdm
   _v2_1_0.mpd line 228 
WARNING:EDK - PORT: bscan_drck1, CONNECTOR: bscan_drck1 - floating connection -
   C:\Xilinx\13.1\ISE_DS\EDK\hw\XilinxProcessorIPLib\pcores\mdm_v2_00_b\data\mdm
   _v2_1_0.mpd line 229 

Performing Clock DRCs...

Performing Reset DRCs...

Overriding system level properties...
INFO:EDK - IPNAME: microblaze, INSTANCE:microblaze_0 - tcl is overriding
   PARAMETER C_D_PLB value to 1 -
   C:\Xilinx\13.1\ISE_DS\EDK\hw\XilinxProcessorIPLib\pcores\microblaze_v8_10_a\d
   ata\microblaze_v2_1_0.mpd line 217 
INFO:EDK - IPNAME: microblaze, INSTANCE:microblaze_0 - tcl is overriding
   PARAMETER C_I_PLB value to 1 -
   C:\Xilinx\13.1\ISE_DS\EDK\hw\XilinxProcessorIPLib\pcores\microblaze_v8_10_a\d
   ata\microblaze_v2_1_0.mpd line 220 
INFO:EDK - IPNAME: microblaze, INSTANCE:microblaze_0 - tcl is overriding
   PARAMETER C_ADDR_TAG_BITS value to 0 -
   C:\Xilinx\13.1\ISE_DS\EDK\hw\XilinxProcessorIPLib\pcores\microblaze_v8_10_a\d
   ata\microblaze_v2_1_0.mpd line 320 
INFO:EDK - IPNAME: microblaze, INSTANCE:microblaze_0 - tcl is overriding
   PARAMETER C_DCACHE_ADDR_TAG value to 0 -
   C:\Xilinx\13.1\ISE_DS\EDK\hw\XilinxProcessorIPLib\pcores\microblaze_v8_10_a\d
   ata\microblaze_v2_1_0.mpd line 350 
INFO:EDK - IPNAME: microblaze, INSTANCE:microblaze_0 - tcl is overriding
   PARAMETER C_USE_INTERRUPT value to 1 -
   C:\Xilinx\13.1\ISE_DS\EDK\hw\XilinxProcessorIPLib\pcores\microblaze_v8_10_a\d
   ata\microblaze_v2_1_0.mpd line 384 
INFO:EDK - IPNAME: microblaze, INSTANCE:microblaze_0 - tcl is overriding
   PARAMETER C_USE_EXT_BRK value to 1 -
   C:\Xilinx\13.1\ISE_DS\EDK\hw\XilinxProcessorIPLib\pcores\microblaze_v8_10_a\d
   ata\microblaze_v2_1_0.mpd line 385 
INFO:EDK - IPNAME: microblaze, INSTANCE:microblaze_0 - tcl is overriding
   PARAMETER C_USE_EXT_NM_BRK value to 1 -
   C:\Xilinx\13.1\ISE_DS\EDK\hw\XilinxProcessorIPLib\pcores\microblaze_v8_10_a\d
   ata\microblaze_v2_1_0.mpd line 386 
INFO:EDK - IPNAME: lmb_bram_if_cntlr, INSTANCE:dlmb_cntlr - tcl is overriding
   PARAMETER C_MASK value to 0x80000000 -
   C:\Xilinx\13.1\ISE_DS\EDK\hw\XilinxProcessorIPLib\pcores\lmb_bram_if_cntlr_v3
   _00_a\data\lmb_bram_if_cntlr_v2_1_0.mpd line 78 
INFO:EDK - IPNAME: lmb_bram_if_cntlr, INSTANCE:ilmb_cntlr - tcl is overriding
   PARAMETER C_MASK value to 0x80000000 -
   C:\Xilinx\13.1\ISE_DS\EDK\hw\XilinxProcessorIPLib\pcores\lmb_bram_if_cntlr_v3
   _00_a\data\lmb_bram_if_cntlr_v2_1_0.mpd line 78 
INFO:EDK - IPNAME: mpmc, INSTANCE:DDR_SDRAM - tcl is overriding PARAMETER
   C_MEM_CAS_LATENCY value to 2 -
   C:\Xilinx\13.1\ISE_DS\EDK\hw\XilinxProcessorIPLib\pcores\mpmc_v6_03_a\data\mp
   mc_v2_1_0.mpd line 288 
INFO:EDK - IPNAME: mpmc, INSTANCE:DDR_SDRAM - tcl is overriding PARAMETER
   C_PIM0_B_SUBTYPE value to PLB -
   C:\Xilinx\13.1\ISE_DS\EDK\hw\XilinxProcessorIPLib\pcores\mpmc_v6_03_a\data\mp
   mc_v2_1_0.mpd line 349 
INFO:EDK - IPNAME: mpmc, INSTANCE:DDR_SDRAM - tcl is overriding PARAMETER C_TWR
   value to 15000 -
   C:\Xilinx\13.1\ISE_DS\EDK\hw\XilinxProcessorIPLib\pcores\mpmc_v6_03_a\data\mp
   mc_v2_1_0.mpd line 757 
INFO:EDK - IPNAME: mpmc, INSTANCE:DDR_SDRAM - tcl is overriding PARAMETER
   C_CTRL_IS_WRITE_INDEX value to 1 -
   C:\Xilinx\13.1\ISE_DS\EDK\hw\XilinxProcessorIPLib\pcores\mpmc_v6_03_a\data\mp
   mc_v2_1_0.mpd line 759 
INFO:EDK - IPNAME: mpmc, INSTANCE:DDR_SDRAM - tcl is overriding PARAMETER
   C_CTRL_PHYIF_RAS_N_INDEX value to 2 -
   C:\Xilinx\13.1\ISE_DS\EDK\hw\XilinxProcessorIPLib\pcores\mpmc_v6_03_a\data\mp
   mc_v2_1_0.mpd line 760 
INFO:EDK - IPNAME: mpmc, INSTANCE:DDR_SDRAM - tcl is overriding PARAMETER
   C_CTRL_PHYIF_CAS_N_INDEX value to 3 -
   C:\Xilinx\13.1\ISE_DS\EDK\hw\XilinxProcessorIPLib\pcores\mpmc_v6_03_a\data\mp
   mc_v2_1_0.mpd line 761 
INFO:EDK - IPNAME: mpmc, INSTANCE:DDR_SDRAM - tcl is overriding PARAMETER
   C_CTRL_PHYIF_WE_N_INDEX value to 4 -
   C:\Xilinx\13.1\ISE_DS\EDK\hw\XilinxProcessorIPLib\pcores\mpmc_v6_03_a\data\mp
   mc_v2_1_0.mpd line 762 
INFO:EDK - IPNAME: mpmc, INSTANCE:DDR_SDRAM - tcl is overriding PARAMETER
   C_CTRL_RMW_INDEX value to 6 -
   C:\Xilinx\13.1\ISE_DS\EDK\hw\XilinxProcessorIPLib\pcores\mpmc_v6_03_a\data\mp
   mc_v2_1_0.mpd line 763 
INFO:EDK - IPNAME: mpmc, INSTANCE:DDR_SDRAM - tcl is overriding PARAMETER
   C_CTRL_SKIP_0_INDEX value to 7 -
   C:\Xilinx\13.1\ISE_DS\EDK\hw\XilinxProcessorIPLib\pcores\mpmc_v6_03_a\data\mp
   mc_v2_1_0.mpd line 764 
INFO:EDK - IPNAME: mpmc, INSTANCE:DDR_SDRAM - tcl is overriding PARAMETER
   C_CTRL_PHYIF_DQS_O_INDEX value to 8 -
   C:\Xilinx\13.1\ISE_DS\EDK\hw\XilinxProcessorIPLib\pcores\mpmc_v6_03_a\data\mp
   mc_v2_1_0.mpd line 765 
INFO:EDK - IPNAME: mpmc, INSTANCE:DDR_SDRAM - tcl is overriding PARAMETER
   C_CTRL_SKIP_1_INDEX value to 9 -
   C:\Xilinx\13.1\ISE_DS\EDK\hw\XilinxProcessorIPLib\pcores\mpmc_v6_03_a\data\mp
   mc_v2_1_0.mpd line 766 
INFO:EDK - IPNAME: mpmc, INSTANCE:DDR_SDRAM - tcl is overriding PARAMETER
   C_CTRL_DP_RDFIFO_PUSH_INDEX value to 10 -
   C:\Xilinx\13.1\ISE_DS\EDK\hw\XilinxProcessorIPLib\pcores\mpmc_v6_03_a\data\mp
   mc_v2_1_0.mpd line 767 
INFO:EDK - IPNAME: mpmc, INSTANCE:DDR_SDRAM - tcl is overriding PARAMETER
   C_CTRL_SKIP_2_INDEX value to 11 -
   C:\Xilinx\13.1\ISE_DS\EDK\hw\XilinxProcessorIPLib\pcores\mpmc_v6_03_a\data\mp
   mc_v2_1_0.mpd line 768 
INFO:EDK - IPNAME: mpmc, INSTANCE:DDR_SDRAM - tcl is overriding PARAMETER
   C_CTRL_AP_COL_CNT_LOAD_INDEX value to 12 -
   C:\Xilinx\13.1\ISE_DS\EDK\hw\XilinxProcessorIPLib\pcores\mpmc_v6_03_a\data\mp
   mc_v2_1_0.mpd line 769 
INFO:EDK - IPNAME: mpmc, INSTANCE:DDR_SDRAM - tcl is overriding PARAMETER
   C_CTRL_AP_COL_CNT_ENABLE_INDEX value to 13 -
   C:\Xilinx\13.1\ISE_DS\EDK\hw\XilinxProcessorIPLib\pcores\mpmc_v6_03_a\data\mp
   mc_v2_1_0.mpd line 770 
INFO:EDK - IPNAME: mpmc, INSTANCE:DDR_SDRAM - tcl is overriding PARAMETER
   C_CTRL_AP_PRECHARGE_ADDR10_INDEX value to 14 -
   C:\Xilinx\13.1\ISE_DS\EDK\hw\XilinxProcessorIPLib\pcores\mpmc_v6_03_a\data\mp
   mc_v2_1_0.mpd line 771 
INFO:EDK - IPNAME: mpmc, INSTANCE:DDR_SDRAM - tcl is overriding PARAMETER
   C_CTRL_AP_ROW_COL_SEL_INDEX value to 15 -
   C:\Xilinx\13.1\ISE_DS\EDK\hw\XilinxProcessorIPLib\pcores\mpmc_v6_03_a\data\mp
   mc_v2_1_0.mpd line 772 
INFO:EDK - IPNAME: mpmc, INSTANCE:DDR_SDRAM - tcl is overriding PARAMETER
   C_CTRL_PHYIF_FORCE_DM_INDEX value to 16 -
   C:\Xilinx\13.1\ISE_DS\EDK\hw\XilinxProcessorIPLib\pcores\mpmc_v6_03_a\data\mp
   mc_v2_1_0.mpd line 773 
INFO:EDK - IPNAME: mpmc, INSTANCE:DDR_SDRAM - tcl is overriding PARAMETER
   C_CTRL_REPEAT4_INDEX value to 17 -
   C:\Xilinx\13.1\ISE_DS\EDK\hw\XilinxProcessorIPLib\pcores\mpmc_v6_03_a\data\mp
   mc_v2_1_0.mpd line 774 
INFO:EDK - IPNAME: mpmc, INSTANCE:DDR_SDRAM - tcl is overriding PARAMETER
   C_CTRL_ARB_RDMODWR_DELAY value to 2 -
   C:\Xilinx\13.1\ISE_DS\EDK\hw\XilinxProcessorIPLib\pcores\mpmc_v6_03_a\data\mp
   mc_v2_1_0.mpd line 785 
INFO:EDK - IPNAME: mpmc, INSTANCE:DDR_SDRAM - tcl is overriding PARAMETER
   C_CTRL_AP_COL_DELAY value to 1 -
   C:\Xilinx\13.1\ISE_DS\EDK\hw\XilinxProcessorIPLib\pcores\mpmc_v6_03_a\data\mp
   mc_v2_1_0.mpd line 786 
INFO:EDK - IPNAME: mpmc, INSTANCE:DDR_SDRAM - tcl is overriding PARAMETER
   C_CTRL_DP_LOAD_RDWDADDR_DELAY value to 2 -
   C:\Xilinx\13.1\ISE_DS\EDK\hw\XilinxProcessorIPLib\pcores\mpmc_v6_03_a\data\mp
   mc_v2_1_0.mpd line 790 
INFO:EDK - IPNAME: mpmc, INSTANCE:DDR_SDRAM - tcl is overriding PARAMETER
   C_CTRL_DP_RDFIFO_WHICHPORT_DELAY value to 12 -
   C:\Xilinx\13.1\ISE_DS\EDK\hw\XilinxProcessorIPLib\pcores\mpmc_v6_03_a\data\mp
   mc_v2_1_0.mpd line 791 
INFO:EDK - IPNAME: mpmc, INSTANCE:DDR_SDRAM - tcl is overriding PARAMETER
   C_CTRL_DP_SIZE_DELAY value to 2 -
   C:\Xilinx\13.1\ISE_DS\EDK\hw\XilinxProcessorIPLib\pcores\mpmc_v6_03_a\data\mp
   mc_v2_1_0.mpd line 792 
INFO:EDK - IPNAME: mpmc, INSTANCE:DDR_SDRAM - tcl is overriding PARAMETER
   C_CTRL_DP_WRFIFO_WHICHPORT_DELAY value to 3 -
   C:\Xilinx\13.1\ISE_DS\EDK\hw\XilinxProcessorIPLib\pcores\mpmc_v6_03_a\data\mp
   mc_v2_1_0.mpd line 793 
INFO:EDK - IPNAME: mpmc, INSTANCE:DDR_SDRAM - tcl is overriding PARAMETER
   C_CTRL_PHYIF_DUMMYREADSTART_DELAY value to 5 -
   C:\Xilinx\13.1\ISE_DS\EDK\hw\XilinxProcessorIPLib\pcores\mpmc_v6_03_a\data\mp
   mc_v2_1_0.mpd line 794 
INFO:EDK - IPNAME: mpmc, INSTANCE:DDR_SDRAM - tcl is overriding PARAMETER
   C_CTRL_Q0_DELAY value to 1 -
   C:\Xilinx\13.1\ISE_DS\EDK\hw\XilinxProcessorIPLib\pcores\mpmc_v6_03_a\data\mp
   mc_v2_1_0.mpd line 795 
INFO:EDK - IPNAME: mpmc, INSTANCE:DDR_SDRAM - tcl is overriding PARAMETER
   C_CTRL_Q1_DELAY value to 1 -
   C:\Xilinx\13.1\ISE_DS\EDK\hw\XilinxProcessorIPLib\pcores\mpmc_v6_03_a\data\mp
   mc_v2_1_0.mpd line 796 
INFO:EDK - IPNAME: mpmc, INSTANCE:DDR_SDRAM - tcl is overriding PARAMETER
   C_CTRL_Q2_DELAY value to 1 -
   C:\Xilinx\13.1\ISE_DS\EDK\hw\XilinxProcessorIPLib\pcores\mpmc_v6_03_a\data\mp
   mc_v2_1_0.mpd line 797 
INFO:EDK - IPNAME: mpmc, INSTANCE:DDR_SDRAM - tcl is overriding PARAMETER
   C_CTRL_Q3_DELAY value to 1 -
   C:\Xilinx\13.1\ISE_DS\EDK\hw\XilinxProcessorIPLib\pcores\mpmc_v6_03_a\data\mp
   mc_v2_1_0.mpd line 798 
INFO:EDK - IPNAME: mpmc, INSTANCE:DDR_SDRAM - tcl is overriding PARAMETER
   C_CTRL_Q4_DELAY value to 1 -
   C:\Xilinx\13.1\ISE_DS\EDK\hw\XilinxProcessorIPLib\pcores\mpmc_v6_03_a\data\mp
   mc_v2_1_0.mpd line 799 
INFO:EDK - IPNAME: mpmc, INSTANCE:DDR_SDRAM - tcl is overriding PARAMETER
   C_CTRL_Q6_DELAY value to 4 -
   C:\Xilinx\13.1\ISE_DS\EDK\hw\XilinxProcessorIPLib\pcores\mpmc_v6_03_a\data\mp
   mc_v2_1_0.mpd line 801 
INFO:EDK - IPNAME: mpmc, INSTANCE:DDR_SDRAM - tcl is overriding PARAMETER
   C_CTRL_Q7_DELAY value to 1 -
   C:\Xilinx\13.1\ISE_DS\EDK\hw\XilinxProcessorIPLib\pcores\mpmc_v6_03_a\data\mp
   mc_v2_1_0.mpd line 802 
INFO:EDK - IPNAME: mpmc, INSTANCE:DDR_SDRAM - tcl is overriding PARAMETER
   C_CTRL_Q9_DELAY value to 1 -
   C:\Xilinx\13.1\ISE_DS\EDK\hw\XilinxProcessorIPLib\pcores\mpmc_v6_03_a\data\mp
   mc_v2_1_0.mpd line 804 
INFO:EDK - IPNAME: mpmc, INSTANCE:DDR_SDRAM - tcl is overriding PARAMETER
   C_CTRL_Q10_DELAY value to 1 -
   C:\Xilinx\13.1\ISE_DS\EDK\hw\XilinxProcessorIPLib\pcores\mpmc_v6_03_a\data\mp
   mc_v2_1_0.mpd line 805 
INFO:EDK - IPNAME: mpmc, INSTANCE:DDR_SDRAM - tcl is overriding PARAMETER
   C_CTRL_Q11_DELAY value to 1 -
   C:\Xilinx\13.1\ISE_DS\EDK\hw\XilinxProcessorIPLib\pcores\mpmc_v6_03_a\data\mp
   mc_v2_1_0.mpd line 806 
INFO:EDK - IPNAME: mpmc, INSTANCE:DDR_SDRAM - tcl is overriding PARAMETER
   C_CTRL_Q12_DELAY value to 1 -
   C:\Xilinx\13.1\ISE_DS\EDK\hw\XilinxProcessorIPLib\pcores\mpmc_v6_03_a\data\mp
   mc_v2_1_0.mpd line 807 
INFO:EDK - IPNAME: mpmc, INSTANCE:DDR_SDRAM - tcl is overriding PARAMETER
   C_CTRL_Q13_DELAY value to 1 -
   C:\Xilinx\13.1\ISE_DS\EDK\hw\XilinxProcessorIPLib\pcores\mpmc_v6_03_a\data\mp
   mc_v2_1_0.mpd line 808 
INFO:EDK - IPNAME: mpmc, INSTANCE:DDR_SDRAM - tcl is overriding PARAMETER
   C_CTRL_Q14_DELAY value to 1 -
   C:\Xilinx\13.1\ISE_DS\EDK\hw\XilinxProcessorIPLib\pcores\mpmc_v6_03_a\data\mp
   mc_v2_1_0.mpd line 809 
INFO:EDK - IPNAME: mpmc, INSTANCE:DDR_SDRAM - tcl is overriding PARAMETER
   C_CTRL_Q15_DELAY value to 1 -
   C:\Xilinx\13.1\ISE_DS\EDK\hw\XilinxProcessorIPLib\pcores\mpmc_v6_03_a\data\mp
   mc_v2_1_0.mpd line 810 
INFO:EDK - IPNAME: mpmc, INSTANCE:DDR_SDRAM - tcl is overriding PARAMETER
   C_CTRL_Q17_DELAY value to 1 -
   C:\Xilinx\13.1\ISE_DS\EDK\hw\XilinxProcessorIPLib\pcores\mpmc_v6_03_a\data\mp
   mc_v2_1_0.mpd line 812 
INFO:EDK - IPNAME: mpmc, INSTANCE:DDR_SDRAM - tcl is overriding PARAMETER
   C_SKIP_1_VALUE value to 0x001 -
   C:\Xilinx\13.1\ISE_DS\EDK\hw\XilinxProcessorIPLib\pcores\mpmc_v6_03_a\data\mp
   mc_v2_1_0.mpd line 831 
INFO:EDK - IPNAME: mpmc, INSTANCE:DDR_SDRAM - tcl is overriding PARAMETER
   C_SKIP_2_VALUE value to 0x001 -
   C:\Xilinx\13.1\ISE_DS\EDK\hw\XilinxProcessorIPLib\pcores\mpmc_v6_03_a\data\mp
   mc_v2_1_0.mpd line 832 
INFO:EDK - IPNAME: mpmc, INSTANCE:DDR_SDRAM - tcl is overriding PARAMETER
   C_SKIP_3_VALUE value to 0x001 -
   C:\Xilinx\13.1\ISE_DS\EDK\hw\XilinxProcessorIPLib\pcores\mpmc_v6_03_a\data\mp
   mc_v2_1_0.mpd line 833 
INFO:EDK - IPNAME: mpmc, INSTANCE:DDR_SDRAM - tcl is overriding PARAMETER
   C_SKIP_4_VALUE value to 0x001 -
   C:\Xilinx\13.1\ISE_DS\EDK\hw\XilinxProcessorIPLib\pcores\mpmc_v6_03_a\data\mp
   mc_v2_1_0.mpd line 834 
INFO:EDK - IPNAME: mpmc, INSTANCE:DDR_SDRAM - tcl is overriding PARAMETER
   C_SKIP_5_VALUE value to 0x001 -
   C:\Xilinx\13.1\ISE_DS\EDK\hw\XilinxProcessorIPLib\pcores\mpmc_v6_03_a\data\mp
   mc_v2_1_0.mpd line 835 
INFO:EDK - IPNAME: mpmc, INSTANCE:DDR_SDRAM - tcl is overriding PARAMETER
   C_SKIP_6_VALUE value to 0x001 -
   C:\Xilinx\13.1\ISE_DS\EDK\hw\XilinxProcessorIPLib\pcores\mpmc_v6_03_a\data\mp
   mc_v2_1_0.mpd line 836 
INFO:EDK - IPNAME: mpmc, INSTANCE:DDR_SDRAM - tcl is overriding PARAMETER
   C_SKIP_7_VALUE value to 0x001 -
   C:\Xilinx\13.1\ISE_DS\EDK\hw\XilinxProcessorIPLib\pcores\mpmc_v6_03_a\data\mp
   mc_v2_1_0.mpd line 837 
INFO:EDK - IPNAME: mpmc, INSTANCE:DDR_SDRAM - tcl is overriding PARAMETER
   C_B32_REPEAT_CNT value to 6 -
   C:\Xilinx\13.1\ISE_DS\EDK\hw\XilinxProcessorIPLib\pcores\mpmc_v6_03_a\data\mp
   mc_v2_1_0.mpd line 839 
INFO:EDK - IPNAME: mpmc, INSTANCE:DDR_SDRAM - tcl is overriding PARAMETER
   C_B64_REPEAT_CNT value to 14 -
   C:\Xilinx\13.1\ISE_DS\EDK\hw\XilinxProcessorIPLib\pcores\mpmc_v6_03_a\data\mp
   mc_v2_1_0.mpd line 840 
INFO:EDK - IPNAME: mpmc, INSTANCE:DDR_SDRAM - tcl is overriding PARAMETER
   C_HIGHADDR_CTRL0 value to 0x009 -
   C:\Xilinx\13.1\ISE_DS\EDK\hw\XilinxProcessorIPLib\pcores\mpmc_v6_03_a\data\mp
   mc_v2_1_0.mpd line 843 
INFO:EDK - IPNAME: mpmc, INSTANCE:DDR_SDRAM - tcl is overriding PARAMETER
   C_BASEADDR_CTRL1 value to 0x00a -
   C:\Xilinx\13.1\ISE_DS\EDK\hw\XilinxProcessorIPLib\pcores\mpmc_v6_03_a\data\mp
   mc_v2_1_0.mpd line 844 
INFO:EDK - IPNAME: mpmc, INSTANCE:DDR_SDRAM - tcl is overriding PARAMETER
   C_HIGHADDR_CTRL1 value to 0x010 -
   C:\Xilinx\13.1\ISE_DS\EDK\hw\XilinxProcessorIPLib\pcores\mpmc_v6_03_a\data\mp
   mc_v2_1_0.mpd line 845 
INFO:EDK - IPNAME: mpmc, INSTANCE:DDR_SDRAM - tcl is overriding PARAMETER
   C_BASEADDR_CTRL2 value to 0x011 -
   C:\Xilinx\13.1\ISE_DS\EDK\hw\XilinxProcessorIPLib\pcores\mpmc_v6_03_a\data\mp
   mc_v2_1_0.mpd line 846 
INFO:EDK - IPNAME: mpmc, INSTANCE:DDR_SDRAM - tcl is overriding PARAMETER
   C_HIGHADDR_CTRL2 value to 0x01a -
   C:\Xilinx\13.1\ISE_DS\EDK\hw\XilinxProcessorIPLib\pcores\mpmc_v6_03_a\data\mp
   mc_v2_1_0.mpd line 847 
INFO:EDK - IPNAME: mpmc, INSTANCE:DDR_SDRAM - tcl is overriding PARAMETER
   C_BASEADDR_CTRL3 value to 0x01b -
   C:\Xilinx\13.1\ISE_DS\EDK\hw\XilinxProcessorIPLib\pcores\mpmc_v6_03_a\data\mp
   mc_v2_1_0.mpd line 848 
INFO:EDK - IPNAME: mpmc, INSTANCE:DDR_SDRAM - tcl is overriding PARAMETER
   C_HIGHADDR_CTRL3 value to 0x021 -
   C:\Xilinx\13.1\ISE_DS\EDK\hw\XilinxProcessorIPLib\pcores\mpmc_v6_03_a\data\mp
   mc_v2_1_0.mpd line 849 
INFO:EDK - IPNAME: mpmc, INSTANCE:DDR_SDRAM - tcl is overriding PARAMETER
   C_BASEADDR_CTRL4 value to 0x022 -
   C:\Xilinx\13.1\ISE_DS\EDK\hw\XilinxProcessorIPLib\pcores\mpmc_v6_03_a\data\mp
   mc_v2_1_0.mpd line 850 
INFO:EDK - IPNAME: mpmc, INSTANCE:DDR_SDRAM - tcl is overriding PARAMETER
   C_HIGHADDR_CTRL4 value to 0x02d -
   C:\Xilinx\13.1\ISE_DS\EDK\hw\XilinxProcessorIPLib\pcores\mpmc_v6_03_a\data\mp
   mc_v2_1_0.mpd line 851 
INFO:EDK - IPNAME: mpmc, INSTANCE:DDR_SDRAM - tcl is overriding PARAMETER
   C_BASEADDR_CTRL5 value to 0x02e -
   C:\Xilinx\13.1\ISE_DS\EDK\hw\XilinxProcessorIPLib\pcores\mpmc_v6_03_a\data\mp
   mc_v2_1_0.mpd line 852 
INFO:EDK - IPNAME: mpmc, INSTANCE:DDR_SDRAM - tcl is overriding PARAMETER
   C_HIGHADDR_CTRL5 value to 0x035 -
   C:\Xilinx\13.1\ISE_DS\EDK\hw\XilinxProcessorIPLib\pcores\mpmc_v6_03_a\data\mp
   mc_v2_1_0.mpd line 853 
INFO:EDK - IPNAME: mpmc, INSTANCE:DDR_SDRAM - tcl is overriding PARAMETER
   C_BASEADDR_CTRL6 value to 0x036 -
   C:\Xilinx\13.1\ISE_DS\EDK\hw\XilinxProcessorIPLib\pcores\mpmc_v6_03_a\data\mp
   mc_v2_1_0.mpd line 854 
INFO:EDK - IPNAME: mpmc, INSTANCE:DDR_SDRAM - tcl is overriding PARAMETER
   C_HIGHADDR_CTRL6 value to 0x045 -
   C:\Xilinx\13.1\ISE_DS\EDK\hw\XilinxProcessorIPLib\pcores\mpmc_v6_03_a\data\mp
   mc_v2_1_0.mpd line 855 
INFO:EDK - IPNAME: mpmc, INSTANCE:DDR_SDRAM - tcl is overriding PARAMETER
   C_BASEADDR_CTRL7 value to 0x046 -
   C:\Xilinx\13.1\ISE_DS\EDK\hw\XilinxProcessorIPLib\pcores\mpmc_v6_03_a\data\mp
   mc_v2_1_0.mpd line 856 
INFO:EDK - IPNAME: mpmc, INSTANCE:DDR_SDRAM - tcl is overriding PARAMETER
   C_HIGHADDR_CTRL7 value to 0x051 -
   C:\Xilinx\13.1\ISE_DS\EDK\hw\XilinxProcessorIPLib\pcores\mpmc_v6_03_a\data\mp
   mc_v2_1_0.mpd line 857 
INFO:EDK - IPNAME: mpmc, INSTANCE:DDR_SDRAM - tcl is overriding PARAMETER
   C_BASEADDR_CTRL8 value to 0x052 -
   C:\Xilinx\13.1\ISE_DS\EDK\hw\XilinxProcessorIPLib\pcores\mpmc_v6_03_a\data\mp
   mc_v2_1_0.mpd line 858 
INFO:EDK - IPNAME: mpmc, INSTANCE:DDR_SDRAM - tcl is overriding PARAMETER
   C_HIGHADDR_CTRL8 value to 0x069 -
   C:\Xilinx\13.1\ISE_DS\EDK\hw\XilinxProcessorIPLib\pcores\mpmc_v6_03_a\data\mp
   mc_v2_1_0.mpd line 859 
INFO:EDK - IPNAME: mpmc, INSTANCE:DDR_SDRAM - tcl is overriding PARAMETER
   C_BASEADDR_CTRL9 value to 0x06a -
   C:\Xilinx\13.1\ISE_DS\EDK\hw\XilinxProcessorIPLib\pcores\mpmc_v6_03_a\data\mp
   mc_v2_1_0.mpd line 860 
INFO:EDK - IPNAME: mpmc, INSTANCE:DDR_SDRAM - tcl is overriding PARAMETER
   C_HIGHADDR_CTRL9 value to 0x07d -
   C:\Xilinx\13.1\ISE_DS\EDK\hw\XilinxProcessorIPLib\pcores\mpmc_v6_03_a\data\mp
   mc_v2_1_0.mpd line 861 
INFO:EDK - IPNAME: mpmc, INSTANCE:DDR_SDRAM - tcl is overriding PARAMETER
   C_BASEADDR_CTRL10 value to 0x07e -
   C:\Xilinx\13.1\ISE_DS\EDK\hw\XilinxProcessorIPLib\pcores\mpmc_v6_03_a\data\mp
   mc_v2_1_0.mpd line 862 
INFO:EDK - IPNAME: mpmc, INSTANCE:DDR_SDRAM - tcl is overriding PARAMETER
   C_HIGHADDR_CTRL10 value to 0x08d -
   C:\Xilinx\13.1\ISE_DS\EDK\hw\XilinxProcessorIPLib\pcores\mpmc_v6_03_a\data\mp
   mc_v2_1_0.mpd line 863 
INFO:EDK - IPNAME: mpmc, INSTANCE:DDR_SDRAM - tcl is overriding PARAMETER
   C_BASEADDR_CTRL11 value to 0x08e -
   C:\Xilinx\13.1\ISE_DS\EDK\hw\XilinxProcessorIPLib\pcores\mpmc_v6_03_a\data\mp
   mc_v2_1_0.mpd line 864 
INFO:EDK - IPNAME: mpmc, INSTANCE:DDR_SDRAM - tcl is overriding PARAMETER
   C_HIGHADDR_CTRL11 value to 0x099 -
   C:\Xilinx\13.1\ISE_DS\EDK\hw\XilinxProcessorIPLib\pcores\mpmc_v6_03_a\data\mp
   mc_v2_1_0.mpd line 865 
INFO:EDK - IPNAME: mpmc, INSTANCE:DDR_SDRAM - tcl is overriding PARAMETER
   C_BASEADDR_CTRL12 value to 0x09a -
   C:\Xilinx\13.1\ISE_DS\EDK\hw\XilinxProcessorIPLib\pcores\mpmc_v6_03_a\data\mp
   mc_v2_1_0.mpd line 866 
INFO:EDK - IPNAME: mpmc, INSTANCE:DDR_SDRAM - tcl is overriding PARAMETER
   C_HIGHADDR_CTRL12 value to 0x0a9 -
   C:\Xilinx\13.1\ISE_DS\EDK\hw\XilinxProcessorIPLib\pcores\mpmc_v6_03_a\data\mp
   mc_v2_1_0.mpd line 867 
INFO:EDK - IPNAME: mpmc, INSTANCE:DDR_SDRAM - tcl is overriding PARAMETER
   C_BASEADDR_CTRL13 value to 0x0aa -
   C:\Xilinx\13.1\ISE_DS\EDK\hw\XilinxProcessorIPLib\pcores\mpmc_v6_03_a\data\mp
   mc_v2_1_0.mpd line 868 
INFO:EDK - IPNAME: mpmc, INSTANCE:DDR_SDRAM - tcl is overriding PARAMETER
   C_HIGHADDR_CTRL13 value to 0x0b5 -
   C:\Xilinx\13.1\ISE_DS\EDK\hw\XilinxProcessorIPLib\pcores\mpmc_v6_03_a\data\mp
   mc_v2_1_0.mpd line 869 
INFO:EDK - IPNAME: mpmc, INSTANCE:DDR_SDRAM - tcl is overriding PARAMETER
   C_BASEADDR_CTRL14 value to 0x0b6 -
   C:\Xilinx\13.1\ISE_DS\EDK\hw\XilinxProcessorIPLib\pcores\mpmc_v6_03_a\data\mp
   mc_v2_1_0.mpd line 870 
INFO:EDK - IPNAME: mpmc, INSTANCE:DDR_SDRAM - tcl is overriding PARAMETER
   C_HIGHADDR_CTRL14 value to 0x0bf -
   C:\Xilinx\13.1\ISE_DS\EDK\hw\XilinxProcessorIPLib\pcores\mpmc_v6_03_a\data\mp
   mc_v2_1_0.mpd line 871 
INFO:EDK - IPNAME: mpmc, INSTANCE:DDR_SDRAM - tcl is overriding PARAMETER
   C_BASEADDR_CTRL15 value to 0x0c0 -
   C:\Xilinx\13.1\ISE_DS\EDK\hw\XilinxProcessorIPLib\pcores\mpmc_v6_03_a\data\mp
   mc_v2_1_0.mpd line 872 
INFO:EDK - IPNAME: mpmc, INSTANCE:DDR_SDRAM - tcl is overriding PARAMETER
   C_HIGHADDR_CTRL15 value to 0x0c1 -
   C:\Xilinx\13.1\ISE_DS\EDK\hw\XilinxProcessorIPLib\pcores\mpmc_v6_03_a\data\mp
   mc_v2_1_0.mpd line 873 
INFO:EDK - IPNAME: mpmc, INSTANCE:DDR_SDRAM - tcl is overriding PARAMETER
   C_CTRL_BRAM_INIT_19 value to
   0x000002FC000002FC000002FC000002FC000002FC000002FC000002FC000002FC -
   C:\Xilinx\13.1\ISE_DS\EDK\hw\XilinxProcessorIPLib\pcores\mpmc_v6_03_a\data\mp
   mc_v2_1_0.mpd line 914 
INFO:EDK - IPNAME: mpmc, INSTANCE:DDR_SDRAM - tcl is overriding PARAMETER
   C_CTRL_BRAM_INIT_18 value to
   0x000002FC000002FC000002FC000002FC000002FC000002FC0000001C0000001C -
   C:\Xilinx\13.1\ISE_DS\EDK\hw\XilinxProcessorIPLib\pcores\mpmc_v6_03_a\data\mp
   mc_v2_1_0.mpd line 915 
INFO:EDK - IPNAME: mpmc, INSTANCE:DDR_SDRAM - tcl is overriding PARAMETER
   C_CTRL_BRAM_INIT_17 value to
   0x0000001C0000001C0000001C0000001C0000001C0000001D0000001C00000010 -
   C:\Xilinx\13.1\ISE_DS\EDK\hw\XilinxProcessorIPLib\pcores\mpmc_v6_03_a\data\mp
   mc_v2_1_0.mpd line 916 
INFO:EDK - IPNAME: mpmc, INSTANCE:DDR_SDRAM - tcl is overriding PARAMETER
   C_CTRL_BRAM_INIT_16 value to
   0x0000001C000040080000001C000040080000001C000024140000041C00002415 -
   C:\Xilinx\13.1\ISE_DS\EDK\hw\XilinxProcessorIPLib\pcores\mpmc_v6_03_a\data\mp
   mc_v2_1_0.mpd line 917 
INFO:EDK - IPNAME: mpmc, INSTANCE:DDR_SDRAM - tcl is overriding PARAMETER
   C_CTRL_BRAM_INIT_15 value to
   0x0000041C000024140002041C000024140000141C000080180000001E0000001E -
   C:\Xilinx\13.1\ISE_DS\EDK\hw\XilinxProcessorIPLib\pcores\mpmc_v6_03_a\data\mp
   mc_v2_1_0.mpd line 918 
INFO:EDK - IPNAME: mpmc, INSTANCE:DDR_SDRAM - tcl is overriding PARAMETER
   C_CTRL_BRAM_INIT_14 value to
   0x0000400A0000001E0000001E0000201F0000001E000021060000011E00002106 -
   C:\Xilinx\13.1\ISE_DS\EDK\hw\XilinxProcessorIPLib\pcores\mpmc_v6_03_a\data\mp
   mc_v2_1_0.mpd line 919 
INFO:EDK - IPNAME: mpmc, INSTANCE:DDR_SDRAM - tcl is overriding PARAMETER
   C_CTRL_BRAM_INIT_13 value to
   0x0000011E000021060002011E000021060000111E0000801A0000001C00004008 -
   C:\Xilinx\13.1\ISE_DS\EDK\hw\XilinxProcessorIPLib\pcores\mpmc_v6_03_a\data\mp
   mc_v2_1_0.mpd line 920 
INFO:EDK - IPNAME: mpmc, INSTANCE:DDR_SDRAM - tcl is overriding PARAMETER
   C_CTRL_BRAM_INIT_12 value to
   0x0000001C000024140000041C000024150000041C000024140002041C00002414 -
   C:\Xilinx\13.1\ISE_DS\EDK\hw\XilinxProcessorIPLib\pcores\mpmc_v6_03_a\data\mp
   mc_v2_1_0.mpd line 921 
INFO:EDK - IPNAME: mpmc, INSTANCE:DDR_SDRAM - tcl is overriding PARAMETER
   C_CTRL_BRAM_INIT_11 value to
   0x0000141C000080180000001E0000001E0000400A0000001E0000001E0000201F -
   C:\Xilinx\13.1\ISE_DS\EDK\hw\XilinxProcessorIPLib\pcores\mpmc_v6_03_a\data\mp
   mc_v2_1_0.mpd line 922 
INFO:EDK - IPNAME: mpmc, INSTANCE:DDR_SDRAM - tcl is overriding PARAMETER
   C_CTRL_BRAM_INIT_10 value to
   0x0000001E000021060000011E000021060000011E000021060002011E00002106 -
   C:\Xilinx\13.1\ISE_DS\EDK\hw\XilinxProcessorIPLib\pcores\mpmc_v6_03_a\data\mp
   mc_v2_1_0.mpd line 923 
INFO:EDK - IPNAME: mpmc, INSTANCE:DDR_SDRAM - tcl is overriding PARAMETER
   C_CTRL_BRAM_INIT_0F value to
   0x0000111E0000801A0000001C000040080000001C000024140000041C00002415 -
   C:\Xilinx\13.1\ISE_DS\EDK\hw\XilinxProcessorIPLib\pcores\mpmc_v6_03_a\data\mp
   mc_v2_1_0.mpd line 924 
INFO:EDK - IPNAME: mpmc, INSTANCE:DDR_SDRAM - tcl is overriding PARAMETER
   C_CTRL_BRAM_INIT_0E value to
   0x0000041C000024140000041C000024140000041C000024140000041C00002414 -
   C:\Xilinx\13.1\ISE_DS\EDK\hw\XilinxProcessorIPLib\pcores\mpmc_v6_03_a\data\mp
   mc_v2_1_0.mpd line 925 
INFO:EDK - IPNAME: mpmc, INSTANCE:DDR_SDRAM - tcl is overriding PARAMETER
   C_CTRL_BRAM_INIT_0D value to
   0x0000041C000024140000041C000024140000141C000080180000001E0000001E -
   C:\Xilinx\13.1\ISE_DS\EDK\hw\XilinxProcessorIPLib\pcores\mpmc_v6_03_a\data\mp
   mc_v2_1_0.mpd line 926 
INFO:EDK - IPNAME: mpmc, INSTANCE:DDR_SDRAM - tcl is overriding PARAMETER
   C_CTRL_BRAM_INIT_0C value to
   0x0000400A0000001E0000001E0000201F0000001E000021060000011E00002106 -
   C:\Xilinx\13.1\ISE_DS\EDK\hw\XilinxProcessorIPLib\pcores\mpmc_v6_03_a\data\mp
   mc_v2_1_0.mpd line 927 
INFO:EDK - IPNAME: mpmc, INSTANCE:DDR_SDRAM - tcl is overriding PARAMETER
   C_CTRL_BRAM_INIT_0B value to
   0x0000011E000021060000011E000021060000011E000021060000011E00002106 -
   C:\Xilinx\13.1\ISE_DS\EDK\hw\XilinxProcessorIPLib\pcores\mpmc_v6_03_a\data\mp
   mc_v2_1_0.mpd line 928 
INFO:EDK - IPNAME: mpmc, INSTANCE:DDR_SDRAM - tcl is overriding PARAMETER
   C_CTRL_BRAM_INIT_0A value to
   0x0000011E000021060000011E000021060000111E0000801A0000001C00004008 -
   C:\Xilinx\13.1\ISE_DS\EDK\hw\XilinxProcessorIPLib\pcores\mpmc_v6_03_a\data\mp
   mc_v2_1_0.mpd line 929 
INFO:EDK - IPNAME: mpmc, INSTANCE:DDR_SDRAM - tcl is overriding PARAMETER
   C_CTRL_BRAM_INIT_09 value to
   0x0000001C000024140000041C000024150000041C000024140000041C00002414 -
   C:\Xilinx\13.1\ISE_DS\EDK\hw\XilinxProcessorIPLib\pcores\mpmc_v6_03_a\data\mp
   mc_v2_1_0.mpd line 930 
INFO:EDK - IPNAME: mpmc, INSTANCE:DDR_SDRAM - tcl is overriding PARAMETER
   C_CTRL_BRAM_INIT_08 value to
   0x0000141C000080180000001E0000001E0000400A0000001E0000001E0000201F -
   C:\Xilinx\13.1\ISE_DS\EDK\hw\XilinxProcessorIPLib\pcores\mpmc_v6_03_a\data\mp
   mc_v2_1_0.mpd line 931 
INFO:EDK - IPNAME: mpmc, INSTANCE:DDR_SDRAM - tcl is overriding PARAMETER
   C_CTRL_BRAM_INIT_07 value to
   0x0000001E000021060000011E000021060000011E000021060000011E00002106 -
   C:\Xilinx\13.1\ISE_DS\EDK\hw\XilinxProcessorIPLib\pcores\mpmc_v6_03_a\data\mp
   mc_v2_1_0.mpd line 932 
INFO:EDK - IPNAME: mpmc, INSTANCE:DDR_SDRAM - tcl is overriding PARAMETER
   C_CTRL_BRAM_INIT_06 value to
   0x0000111E0000801A0000001C000040080000001C000024140000041C00002415 -
   C:\Xilinx\13.1\ISE_DS\EDK\hw\XilinxProcessorIPLib\pcores\mpmc_v6_03_a\data\mp
   mc_v2_1_0.mpd line 933 
INFO:EDK - IPNAME: mpmc, INSTANCE:DDR_SDRAM - tcl is overriding PARAMETER
   C_CTRL_BRAM_INIT_05 value to
   0x0000141C000080180000001E0000001E0000400A0000001E0000001E0000201F -
   C:\Xilinx\13.1\ISE_DS\EDK\hw\XilinxProcessorIPLib\pcores\mpmc_v6_03_a\data\mp
   mc_v2_1_0.mpd line 934 
INFO:EDK - IPNAME: mpmc, INSTANCE:DDR_SDRAM - tcl is overriding PARAMETER
   C_CTRL_BRAM_INIT_04 value to
   0x0000001E000021060000011E000021060000111E0000801A0000001C00004008 -
   C:\Xilinx\13.1\ISE_DS\EDK\hw\XilinxProcessorIPLib\pcores\mpmc_v6_03_a\data\mp
   mc_v2_1_0.mpd line 935 
INFO:EDK - IPNAME: mpmc, INSTANCE:DDR_SDRAM - tcl is overriding PARAMETER
   C_CTRL_BRAM_INIT_03 value to
   0x0000001C0000001C000024140000141D000080180000001E0000001E0000400A -
   C:\Xilinx\13.1\ISE_DS\EDK\hw\XilinxProcessorIPLib\pcores\mpmc_v6_03_a\data\mp
   mc_v2_1_0.mpd line 936 
INFO:EDK - IPNAME: mpmc, INSTANCE:DDR_SDRAM - tcl is overriding PARAMETER
   C_CTRL_BRAM_INIT_02 value to
   0x0000001E0000001E0000201F0000001E000021060000111E0000801A0000001C -
   C:\Xilinx\13.1\ISE_DS\EDK\hw\XilinxProcessorIPLib\pcores\mpmc_v6_03_a\data\mp
   mc_v2_1_0.mpd line 937 
INFO:EDK - IPNAME: mpmc, INSTANCE:DDR_SDRAM - tcl is overriding PARAMETER
   C_CTRL_BRAM_INIT_01 value to
   0x000040080000001C0000001C000020140000141D000080180000001E0000001E -
   C:\Xilinx\13.1\ISE_DS\EDK\hw\XilinxProcessorIPLib\pcores\mpmc_v6_03_a\data\mp
   mc_v2_1_0.mpd line 938 
INFO:EDK - IPNAME: mpmc, INSTANCE:DDR_SDRAM - tcl is overriding PARAMETER
   C_CTRL_BRAM_INIT_00 value to
   0x0000400A0000001E0000001E0000001F0000001E000021060001111E0000801A -
   C:\Xilinx\13.1\ISE_DS\EDK\hw\XilinxProcessorIPLib\pcores\mpmc_v6_03_a\data\mp
   mc_v2_1_0.mpd line 939 
INFO:EDK - IPNAME: mpmc, INSTANCE:DDR_SDRAM - tcl is overriding PARAMETER
   C_CTRL_BRAM_INITP_03 value to
   0x0000000000000000000000000000000000000000000000000000000000000000 -
   C:\Xilinx\13.1\ISE_DS\EDK\hw\XilinxProcessorIPLib\pcores\mpmc_v6_03_a\data\mp
   mc_v2_1_0.mpd line 945 
INFO:EDK - IPNAME: mpmc, INSTANCE:DDR_SDRAM - tcl is overriding PARAMETER
   C_CTRL_BRAM_INITP_02 value to
   0x0000000000000000000000000000000000000000000000000000000000000000 -
   C:\Xilinx\13.1\ISE_DS\EDK\hw\XilinxProcessorIPLib\pcores\mpmc_v6_03_a\data\mp
   mc_v2_1_0.mpd line 946 
INFO:EDK - IPNAME: mpmc, INSTANCE:DDR_SDRAM - tcl is overriding PARAMETER
   C_CTRL_BRAM_INITP_01 value to
   0x0000000000000000000000000000000000000000000000000000000000000000 -
   C:\Xilinx\13.1\ISE_DS\EDK\hw\XilinxProcessorIPLib\pcores\mpmc_v6_03_a\data\mp
   mc_v2_1_0.mpd line 947 
INFO:EDK - IPNAME: mpmc, INSTANCE:DDR_SDRAM - tcl is overriding PARAMETER
   C_CTRL_BRAM_INITP_00 value to
   0x0000000000000000000000000000000000000000000000000000000000000000 -
   C:\Xilinx\13.1\ISE_DS\EDK\hw\XilinxProcessorIPLib\pcores\mpmc_v6_03_a\data\mp
   mc_v2_1_0.mpd line 948 
INFO:EDK - IPNAME: xps_intc, INSTANCE:xps_intc_0 - tcl is overriding PARAMETER
   C_NUM_INTR_INPUTS value to 3 -
   C:\Xilinx\13.1\ISE_DS\EDK\hw\XilinxProcessorIPLib\pcores\xps_intc_v2_01_a\dat
   a\xps_intc_v2_1_0.mpd line 77 
INFO:EDK - IPNAME: xps_intc, INSTANCE:xps_intc_0 - tcl is overriding PARAMETER
   C_KIND_OF_INTR value to 0b11111111111111111111111111111111 -
   C:\Xilinx\13.1\ISE_DS\EDK\hw\XilinxProcessorIPLib\pcores\xps_intc_v2_01_a\dat
   a\xps_intc_v2_1_0.mpd line 78 
INFO:EDK - IPNAME: xps_intc, INSTANCE:xps_intc_0 - tcl is overriding PARAMETER
   C_KIND_OF_EDGE value to 0b11111111111111111111111111111111 -
   C:\Xilinx\13.1\ISE_DS\EDK\hw\XilinxProcessorIPLib\pcores\xps_intc_v2_01_a\dat
   a\xps_intc_v2_1_0.mpd line 79 
INFO:EDK - IPNAME: xps_intc, INSTANCE:xps_intc_0 - tcl is overriding PARAMETER
   C_KIND_OF_LVL value to 0b11111111111111111111111111111111 -
   C:\Xilinx\13.1\ISE_DS\EDK\hw\XilinxProcessorIPLib\pcores\xps_intc_v2_01_a\dat
   a\xps_intc_v2_1_0.mpd line 80 

Running system level update procedures...

Running UPDATE Tcl procedures for OPTION SYSLEVEL_UPDATE_PROC...

Running system level DRCs...

Performing System level DRCs on properties...

Running DRC Tcl procedures for OPTION SYSLEVEL_DRC_PROC...

Running UPDATE Tcl procedures for OPTION PLATGEN_SYSLEVEL_UPDATE_PROC...
INFO: The microblaze_0 core has constraints automatically generated by XPS in
implementation/microblaze_0_wrapper/microblaze_0_wrapper.ucf.
It can be overridden by constraints placed in the system.ucf file.

INFO: The ilmb core has constraints automatically generated by XPS in
implementation/ilmb_wrapper/ilmb_wrapper.ucf.
It can be overridden by constraints placed in the system.ucf file.

INFO: The dlmb core has constraints automatically generated by XPS in
implementation/dlmb_wrapper/dlmb_wrapper.ucf.
It can be overridden by constraints placed in the system.ucf file.

INFO: The DDR_SDRAM core has constraints automatically generated by XPS in
implementation/ddr_sdram_wrapper/ddr_sdram_wrapper.ucf.
It can be overridden by constraints placed in the system.ucf file.


Modify defaults ...

Creating stub ...

Processing licensed instances ...
Completion time: 0.00 seconds

Creating hardware output directories ...

Managing hardware (BBD-specified) netlist files ...

Managing cache ...

Elaborating instances ...
IPNAME:bram_block INSTANCE:lmb_bram - C:\EE4214\controller_version_6\system.mhs
line 96 - elaborating IP
IPNAME:clock_generator INSTANCE:clock_generator_0 -
C:\EE4214\controller_version_6\system.mhs line 201 - elaborating IP
ClkGen elaborate status: PASSED
----------------------------------------

Writing HDL for elaborated instances ...

Inserting wrapper level ...
Completion time: 2.00 seconds

Constructing platform-level connectivity ...
Completion time: 0.00 seconds

Writing (top-level) BMM ...

Writing (top-level and wrappers) HDL ...

Generating synthesis project file ...

Running XST synthesis ...

INFO:EDK - The following instances are synthesized with XST. The MPD option
   IMP_NETLIST=TRUE indicates that a NGC file is to be produced using XST
   synthesis. IMP_NETLIST=FALSE (default) instances are not synthesized. 
INSTANCE:microblaze_0 - C:\EE4214\controller_version_6\system.mhs line 41 -
Running XST synthesis
INSTANCE:mb_plb - C:\EE4214\controller_version_6\system.mhs line 57 - Running
XST synthesis
INSTANCE:ilmb - C:\EE4214\controller_version_6\system.mhs line 64 - Running XST
synthesis
INSTANCE:dlmb - C:\EE4214\controller_version_6\system.mhs line 71 - Running XST
synthesis
INSTANCE:dlmb_cntlr - C:\EE4214\controller_version_6\system.mhs line 78 -
Running XST synthesis
INSTANCE:ilmb_cntlr - C:\EE4214\controller_version_6\system.mhs line 87 -
Running XST synthesis
INSTANCE:lmb_bram - C:\EE4214\controller_version_6\system.mhs line 96 - Running
XST synthesis
INSTANCE:rs232_dte - C:\EE4214\controller_version_6\system.mhs line 103 -
Running XST synthesis
INSTANCE:rs232_dce - C:\EE4214\controller_version_6\system.mhs line 118 -
Running XST synthesis
INSTANCE:dip_switches_4bit - C:\EE4214\controller_version_6\system.mhs line 133
- Running XST synthesis
INSTANCE:buttons_3bit - C:\EE4214\controller_version_6\system.mhs line 146 -
Running XST synthesis
INSTANCE:ddr_sdram - C:\EE4214\controller_version_6\system.mhs line 159 -
Running XST synthesis
INSTANCE:xps_timer_0 - C:\EE4214\controller_version_6\system.mhs line 190 -
Running XST synthesis
INSTANCE:clock_generator_0 - C:\EE4214\controller_version_6\system.mhs line 201
- Running XST synthesis
INSTANCE:mdm_0 - C:\EE4214\controller_version_6\system.mhs line 226 - Running
XST synthesis
INSTANCE:proc_sys_reset_0 - C:\EE4214\controller_version_6\system.mhs line 238 -
Running XST synthesis
INSTANCE:xps_intc_0 - C:\EE4214\controller_version_6\system.mhs line 251 -
Running XST synthesis

Running NGCBUILD ...
IPNAME:microblaze_0_wrapper INSTANCE:microblaze_0 -
C:\EE4214\controller_version_6\system.mhs line 41 - Running NGCBUILD
IPNAME:ilmb_wrapper INSTANCE:ilmb - C:\EE4214\controller_version_6\system.mhs
line 64 - Running NGCBUILD
IPNAME:dlmb_wrapper INSTANCE:dlmb - C:\EE4214\controller_version_6\system.mhs
line 71 - Running NGCBUILD
IPNAME:rs232_dte_wrapper INSTANCE:rs232_dte -
C:\EE4214\controller_version_6\system.mhs line 103 - Running NGCBUILD
IPNAME:rs232_dce_wrapper INSTANCE:rs232_dce -
C:\EE4214\controller_version_6\system.mhs line 118 - Running NGCBUILD
IPNAME:ddr_sdram_wrapper INSTANCE:ddr_sdram -
C:\EE4214\controller_version_6\system.mhs line 159 - Running NGCBUILD
IPNAME:clock_generator_0_wrapper INSTANCE:clock_generator_0 -
C:\EE4214\controller_version_6\system.mhs line 201 - Running NGCBUILD
IPNAME:xps_intc_0_wrapper INSTANCE:xps_intc_0 -
C:\EE4214\controller_version_6\system.mhs line 251 - Running NGCBUILD
INFO:EDK:3509 - NCF files should not be modified as they will be regenerated.
   If any constraint needs to be overridden, this should be done by modifying
   the data/system.ucf file.

Rebuilding cache ...

Total run time: 398.00 seconds
