Generated Block Diagram.
Rasterizing microblaze_0.jpg.....
Rasterizing mb_plb.jpg.....
Rasterizing ilmb.jpg.....
Rasterizing dlmb.jpg.....
Rasterizing dlmb_cntlr.jpg.....
Rasterizing ilmb_cntlr.jpg.....
Rasterizing lmb_bram.jpg.....
Rasterizing RS232_DTE.jpg.....
Rasterizing RS232_DCE.jpg.....
Rasterizing DIP_Switches_4Bit.jpg.....
Rasterizing Buttons_3Bit.jpg.....
Rasterizing DDR_SDRAM.jpg.....
Rasterizing xps_timer_0.jpg.....
Rasterizing clock_generator_0.jpg.....
Rasterizing mdm_0.jpg.....
Rasterizing proc_sys_reset_0.jpg.....
Rasterizing xps_intc_0.jpg.....
Rasterizing system_blkd.jpg.....
Report generated.
Report generation completed.
